<?xml version="1.0" encoding="UTF-8"?>
<!-- Generated by org.testng.reporters.JUnitReportReporter -->
<testsuite hostname="Ankita" failures="0" tests="1" name="tests.TestsExamples" time="2.521" errors="0" timestamp="2024-08-27T23:38:13 IST" skipped="0">
  <testcase classname="tests.TestsExamples" name="test_1" time="2.521"/>
</testsuite> <!-- tests.TestsExamples -->
